09:27:36 [INFO] - Running activation sequence for Fiori tools - Application Modeler
09:27:36 [INFO] - Configurations: 'sap.ux.applicationModeler.showJsonSchemas': false; isTheia(): false; isAppStudio(): true
09:27:36 [INFO] - Register Fiori tools file system for configurations...
09:27:36 [INFO] - ...Fiori tools file system registered in 2.020ms
09:27:36 [INFO] - Register views for configurations...
09:27:36 [INFO] - ...views for configurations registered in 1.055ms
09:27:36 [INFO] - Register commands...
09:27:36 [INFO] - ...commands registered in 5.399ms
09:27:36 [INFO] - Activating sync module...
09:27:36 [INFO] - Virtual file system ftfs initialized in 0.192ms
09:27:36 [INFO] - Searching for projects in these workspace folders: 
[ '/home/user' ]
09:27:37 [INFO] - SAP UX projects found and added in 971.523ms
09:27:37 [INFO] - Start watching **/package.json
09:27:37 [INFO] - package.json watched in 1.081ms
09:27:37 [INFO] - Start watching for workspace folder changes
09:27:37 [INFO] - Workspace folders watched in 0.650ms
09:27:37 [INFO] - Configs watched in 0.272ms
09:27:37 [INFO] - ...sync module activated in 976.261ms
09:27:37 [INFO] - Activating launch config integration
09:27:37 [INFO] - Handler for Fiori launch configuration registered
09:27:37 [INFO] - ...launch config integration activated in 1.613ms
09:27:37 [INFO] - Activating migration module...
09:27:37 [INFO] - SAP Fiori tools - Application Modeler
'Migration start watching for workspace folder changes'
09:27:37 [INFO] - Workspace folders watched in 0.539ms
09:27:37 [INFO] - SAP Fiori tools - Application Modeler
'Migration start watching **/package.json'
09:27:37 [INFO] - package.json watched in 0.622ms
09:27:37 [INFO] - SAP Fiori tools - Application Modeler
'Migration start watching **/pom.xml'
09:27:37 [INFO] - pom.xml watched in 0.811ms
09:27:37 [INFO] - SAP Fiori tools - Application Modeler
'Migration start watching **/neo-app.json'
09:27:37 [INFO] - neo-app.json watched in 0.547ms
09:27:37 [INFO] - SAP Fiori tools - Application Modeler
'Migration start watching **/manifest.json'
09:27:37 [INFO] - manifest.json watched in 0.609ms
09:27:39 [INFO] - ...migration module activated in 2635.835ms
09:27:39 [INFO] - activation sequence for Fiori tools - Application Modeler done in 4009.183ms
