17:17:10 [INFO] - Running activation sequence for Fiori tools - Application Modeler
17:17:10 [INFO] - Configurations: 'sap.ux.applicationModeler.showJsonSchemas': false; isTheia(): false; isAppStudio(): true
17:17:10 [INFO] - Register Fiori tools file system for configurations...
17:17:10 [INFO] - ...Fiori tools file system registered in 1.049ms
17:17:10 [INFO] - Register views for configurations...
17:17:10 [INFO] - ...views for configurations registered in 1.313ms
17:17:10 [INFO] - Register commands...
17:17:10 [INFO] - ...commands registered in 9.249ms
17:17:10 [INFO] - Activating sync module...
17:17:10 [INFO] - Virtual file system ftfs initialized in 0.179ms
17:17:10 [INFO] - Searching for projects in these workspace folders: 
[ '/home/user' ]
17:17:11 [INFO] - SAP UX projects found and added in 1215.171ms
17:17:11 [INFO] - Start watching **/package.json
17:17:11 [INFO] - package.json watched in 0.921ms
17:17:11 [INFO] - Start watching for workspace folder changes
17:17:11 [INFO] - Workspace folders watched in 0.552ms
17:17:11 [INFO] - Configs watched in 0.262ms
17:17:11 [INFO] - ...sync module activated in 1220.081ms
17:17:11 [INFO] - Activating launch config integration
17:17:11 [INFO] - Handler for Fiori launch configuration registered
17:17:11 [INFO] - ...launch config integration activated in 2.327ms
17:17:11 [INFO] - Activating migration module...
17:17:11 [INFO] - SAP Fiori tools - Application Modeler
'Migration start watching for workspace folder changes'
17:17:11 [INFO] - Workspace folders watched in 1.052ms
17:17:11 [INFO] - SAP Fiori tools - Application Modeler
'Migration start watching **/package.json'
17:17:11 [INFO] - package.json watched in 0.620ms
17:17:11 [INFO] - SAP Fiori tools - Application Modeler
'Migration start watching **/pom.xml'
17:17:11 [INFO] - pom.xml watched in 0.950ms
17:17:11 [INFO] - SAP Fiori tools - Application Modeler
'Migration start watching **/neo-app.json'
17:17:11 [INFO] - neo-app.json watched in 0.620ms
17:17:11 [INFO] - SAP Fiori tools - Application Modeler
'Migration start watching **/manifest.json'
17:17:11 [INFO] - manifest.json watched in 0.586ms
17:17:17 [INFO] - ...migration module activated in 6358.922ms
17:17:17 [INFO] - activation sequence for Fiori tools - Application Modeler done in 8051.687ms
