Generators are being installed in the background...
All generators have been installed, enjoy your work!
   create ../../../home/user/project1/.gitignore
   create ../../../home/user/project1/package.json
   create ../../../home/user/project1/ui5-local.yaml
   create ../../../home/user/project1/ui5.yaml
   create ../../../home/user/project1/webapp/Component.js
   create ../../../home/user/project1/webapp/index.html
   create ../../../home/user/project1/webapp/manifest.json
   create ../../../home/user/project1/webapp/i18n/i18n.properties
   create ../../../home/user/project1/webapp/utils/locate-reuse-libs.js
   create ../../../home/user/project1/webapp/model/models.js
   create ../../../home/user/project1/webapp/test/flpSandbox.html
   create ../../../home/user/project1/webapp/controller/App.controller.js
   create ../../../home/user/project1/webapp/css/style.css
   create ../../../home/user/project1/webapp/view/App.view.xml
   create ../../../home/user/project1/webapp/view/View1.view.xml
   create ../../../home/user/project1/webapp/controller/View1.controller.js
   create ../../../home/user/project1/webapp/test/flpSandbox.js
   create ../../../home/user/project1/webapp/test/initFlpSandbox.js
   create ../../../home/user/project1/webapp/test/integration/AllJourneys.js
   create ../../../home/user/project1/webapp/test/integration/NavigationJourney.js
   create ../../../home/user/project1/webapp/test/integration/arrangements/Startup.js
   create ../../../home/user/project1/webapp/test/integration/opaTests.qunit.html
   create ../../../home/user/project1/webapp/test/integration/opaTests.qunit.js
   create ../../../home/user/project1/webapp/test/integration/pages/App.js
   create ../../../home/user/project1/webapp/test/integration/pages/View1.js
   create ../../../home/user/project1/webapp/test/testsuite.qunit.html
   create ../../../home/user/project1/webapp/test/testsuite.qunit.js
   create ../../../home/user/project1/webapp/test/unit/AllTests.js
   create ../../../home/user/project1/webapp/test/unit/controller/View1.controller.js
   create ../../../home/user/project1/webapp/test/unit/unitTests.qunit.html
   create ../../../home/user/project1/webapp/test/unit/unitTests.qunit.js
   create ../../../home/user/project1/README.md
          
No change to package.json was detected. No package manager install will be executed.
          Installing dependencies...
          Running: `npm install`
          npm
          WARN deprecated libnpmconfig@1.2.1: This module is not used anymore. npm config is parsed by npm itself and by @npmcli/config
          npm
          WARN deprecated @npmcli/move-file@2.0.1: This functionality has been moved to @npmcli/fs
          added 811 packages, and audited 812 packages in 11s
          120 packages are looking for funding
  run `npm fund` for details
          found 0 vulnerabilities
          Project dependencies have been installed.
