07:01:55 [INFO] - Running activation sequence for Fiori tools - Application Modeler
07:01:55 [INFO] - Configurations: 'sap.ux.applicationModeler.showJsonSchemas': false; isTheia(): false; isAppStudio(): true
07:01:56 [INFO] - Register Fiori tools file system for configurations...
07:01:56 [INFO] - ...Fiori tools file system registered in 0.922ms
07:01:56 [INFO] - Register views for configurations...
07:01:56 [INFO] - ...views for configurations registered in 1.851ms
07:01:56 [INFO] - Register commands...
07:01:56 [INFO] - ...commands registered in 4.830ms
07:01:56 [INFO] - Activating sync module...
07:01:56 [INFO] - Virtual file system ftfs initialized in 0.154ms
07:01:56 [INFO] - SAP UX projects found and added in 1.153ms
07:01:56 [INFO] - Start watching **/package.json
07:01:56 [INFO] - package.json watched in 0.701ms
07:01:56 [INFO] - Start watching for workspace folder changes
07:01:56 [INFO] - Workspace folders watched in 0.568ms
07:01:56 [INFO] - Configs watched in 0.126ms
07:01:56 [INFO] - ...sync module activated in 7.554ms
07:01:56 [INFO] - Activating launch config integration
07:01:56 [INFO] - ...launch config integration activated in 0.359ms
07:01:56 [INFO] - Activating migration module...
07:01:56 [INFO] - SAP Fiori tools - Application Modeler
'Migration start watching for workspace folder changes'
07:01:56 [INFO] - Workspace folders watched in 0.662ms
07:01:56 [INFO] - SAP Fiori tools - Application Modeler
'Migration start watching **/package.json'
07:01:56 [INFO] - package.json watched in 0.534ms
07:01:56 [INFO] - SAP Fiori tools - Application Modeler
'Migration start watching **/pom.xml'
07:01:56 [INFO] - pom.xml watched in 0.559ms
07:01:56 [INFO] - SAP Fiori tools - Application Modeler
'Migration start watching **/neo-app.json'
07:01:56 [INFO] - neo-app.json watched in 0.844ms
07:01:56 [INFO] - SAP Fiori tools - Application Modeler
'Migration start watching **/manifest.json'
07:01:56 [INFO] - manifest.json watched in 0.694ms
07:01:56 [INFO] - ...migration module activated in 5.294ms
07:01:56 [INFO] - activation sequence for Fiori tools - Application Modeler done in 1076.161ms
07:01:57 [INFO] - Handler for Fiori launch configuration registered
