2023-03-29 07:02:45.225 [error] Error: EEXIST: file already exists, open '/home/user/.vscode/data/User/workspaceStorage/7851bdd2/vscode.lock'
2023-03-29 07:02:46.788 [error] No bundle location found for extension vscode.emmet
2023-03-29 07:02:46.788 [error] No bundle location found for extension SAPOSS.app-studio-toolkit
2023-03-29 07:02:46.788 [error] No bundle location found for extension SAPOSS.code-snippet
2023-03-29 07:02:46.788 [error] No bundle location found for extension SAPSE.fs-usage-popup-vscode-extensions
2023-03-29 07:02:46.788 [error] No bundle location found for extension vscode.git-base
2023-03-29 07:02:46.788 [error] No bundle location found for extension donjayamanne.githistory
2023-03-29 07:02:46.788 [error] No bundle location found for extension eamodio.gitlens
2023-03-29 07:02:46.788 [error] No bundle location found for extension SAPSE.lcap-task-contrib
2023-03-29 07:02:46.788 [error] No bundle location found for extension SAP.vscode-watt-framework-extension
2023-03-29 07:02:46.788 [error] No bundle location found for extension SAPSE.sap-ux-application-modeler-extension
2023-03-29 07:02:48.882 [error] No bundle location found for extension SAPSE.sap-ux-help-extension
2023-03-29 07:02:48.882 [error] No bundle location found for extension SAPSE.sap-ux-service-modeler-extension
2023-03-29 07:02:48.882 [error] No bundle location found for extension SAPOS.yeoman-ui
2023-03-29 07:02:48.882 [error] No bundle location found for extension SAP.vscode-bas-extension
2023-03-29 07:02:48.882 [error] No bundle location found for extension SAPOSS.vscode-dependencies-validation
2023-03-29 07:02:48.882 [error] No bundle location found for extension SAPOSS.vscode-deps-upgrade-tool
2023-03-29 07:02:48.882 [error] No bundle location found for extension SAPSE.vscode-node-version-check
2023-03-29 07:02:48.882 [error] No bundle location found for extension SAPSE.vscode-tasks-explorer-tasks-panel
2023-03-29 07:02:48.882 [error] No bundle location found for extension SAP.vscode-wing-cf-tools
2023-03-29 07:02:48.882 [error] No bundle location found for extension SAPSE.vscode-wing-expose-router-ports
2023-03-29 07:02:48.882 [error] No bundle location found for extension SAP.vscode-wing-gerrit
2023-03-29 07:02:48.882 [error] No bundle location found for extension SAP.vscode-wing-run-config
2023-03-29 07:02:48.882 [error] No bundle location found for extension SAP.vscode-wing-welcome-screen
2023-03-29 07:02:54.563 [error] Canceled: Canceled
	at Object.k [as canceled] (/extbin/local/openvscode-server/out/vs/workbench/api/node/extensionHostProcess.js:7:1192)
	at /extbin/local/openvscode-server/out/vs/workbench/api/node/extensionHostProcess.js:106:7891
	at Array.forEach (<anonymous>)
	at s.dispose (/extbin/local/openvscode-server/out/vs/workbench/api/node/extensionHostProcess.js:106:7856)
	at m.terminate (/extbin/local/openvscode-server/out/vs/workbench/api/node/extensionHostProcess.js:108:9275)
	at h.terminate (/extbin/local/openvscode-server/out/vs/workbench/api/node/extensionHostProcess.js:112:1397)
	at p (/extbin/local/openvscode-server/out/vs/workbench/api/node/extensionHostProcess.js:122:17851)
	at /extbin/local/openvscode-server/out/vs/workbench/api/node/extensionHostProcess.js:122:15761
	at m.invoke (/extbin/local/openvscode-server/out/vs/workbench/api/node/extensionHostProcess.js:63:145)
	at g.deliver (/extbin/local/openvscode-server/out/vs/workbench/api/node/extensionHostProcess.js:63:2029)
	at d.fire (/extbin/local/openvscode-server/out/vs/workbench/api/node/extensionHostProcess.js:63:1667)
	at p.fire (/extbin/local/openvscode-server/out/vs/workbench/api/node/extensionHostProcess.js:72:14861)
	at t.E (/extbin/local/openvscode-server/out/vs/workbench/api/node/extensionHostProcess.js:72:18927)
	at /extbin/local/openvscode-server/out/vs/workbench/api/node/extensionHostProcess.js:72:16915
	at m.invoke (/extbin/local/openvscode-server/out/vs/workbench/api/node/extensionHostProcess.js:63:145)
	at g.deliver (/extbin/local/openvscode-server/out/vs/workbench/api/node/extensionHostProcess.js:63:2029)
	at d.fire (/extbin/local/openvscode-server/out/vs/workbench/api/node/extensionHostProcess.js:63:1667)
	at h.acceptChunk (/extbin/local/openvscode-server/out/vs/workbench/api/node/extensionHostProcess.js:72:12592)
	at /extbin/local/openvscode-server/out/vs/workbench/api/node/extensionHostProcess.js:72:11879
	at m.invoke (/extbin/local/openvscode-server/out/vs/workbench/api/node/extensionHostProcess.js:63:145)
	at g.deliver (/extbin/local/openvscode-server/out/vs/workbench/api/node/extensionHostProcess.js:63:2029)
	at d.fire (/extbin/local/openvscode-server/out/vs/workbench/api/node/extensionHostProcess.js:63:1667)
	at d.t (/extbin/local/openvscode-server/out/vs/workbench/api/node/extensionHostProcess.js:72:28518) setContext undefined
2023-03-29 07:02:54.563 [error] Canceled: Canceled
	at Object.k [as canceled] (/extbin/local/openvscode-server/out/vs/workbench/api/node/extensionHostProcess.js:7:1192)
	at /extbin/local/openvscode-server/out/vs/workbench/api/node/extensionHostProcess.js:106:7891
	at Array.forEach (<anonymous>)
	at s.dispose (/extbin/local/openvscode-server/out/vs/workbench/api/node/extensionHostProcess.js:106:7856)
	at m.terminate (/extbin/local/openvscode-server/out/vs/workbench/api/node/extensionHostProcess.js:108:9275)
	at h.terminate (/extbin/local/openvscode-server/out/vs/workbench/api/node/extensionHostProcess.js:112:1397)
	at p (/extbin/local/openvscode-server/out/vs/workbench/api/node/extensionHostProcess.js:122:17851)
	at /extbin/local/openvscode-server/out/vs/workbench/api/node/extensionHostProcess.js:122:15761
	at m.invoke (/extbin/local/openvscode-server/out/vs/workbench/api/node/extensionHostProcess.js:63:145)
	at g.deliver (/extbin/local/openvscode-server/out/vs/workbench/api/node/extensionHostProcess.js:63:2029)
	at d.fire (/extbin/local/openvscode-server/out/vs/workbench/api/node/extensionHostProcess.js:63:1667)
	at p.fire (/extbin/local/openvscode-server/out/vs/workbench/api/node/extensionHostProcess.js:72:14861)
	at t.E (/extbin/local/openvscode-server/out/vs/workbench/api/node/extensionHostProcess.js:72:18927)
	at /extbin/local/openvscode-server/out/vs/workbench/api/node/extensionHostProcess.js:72:16915
	at m.invoke (/extbin/local/openvscode-server/out/vs/workbench/api/node/extensionHostProcess.js:63:145)
	at g.deliver (/extbin/local/openvscode-server/out/vs/workbench/api/node/extensionHostProcess.js:63:2029)
	at d.fire (/extbin/local/openvscode-server/out/vs/workbench/api/node/extensionHostProcess.js:63:1667)
	at h.acceptChunk (/extbin/local/openvscode-server/out/vs/workbench/api/node/extensionHostProcess.js:72:12592)
	at /extbin/local/openvscode-server/out/vs/workbench/api/node/extensionHostProcess.js:72:11879
	at m.invoke (/extbin/local/openvscode-server/out/vs/workbench/api/node/extensionHostProcess.js:63:145)
	at g.deliver (/extbin/local/openvscode-server/out/vs/workbench/api/node/extensionHostProcess.js:63:2029)
	at d.fire (/extbin/local/openvscode-server/out/vs/workbench/api/node/extensionHostProcess.js:63:1667)
	at d.t (/extbin/local/openvscode-server/out/vs/workbench/api/node/extensionHostProcess.js:72:28518) setContext undefined
2023-03-29 07:02:54.564 [error] Canceled: Canceled
	at Object.k [as canceled] (/extbin/local/openvscode-server/out/vs/workbench/api/node/extensionHostProcess.js:7:1192)
	at /extbin/local/openvscode-server/out/vs/workbench/api/node/extensionHostProcess.js:106:7891
	at Array.forEach (<anonymous>)
	at s.dispose (/extbin/local/openvscode-server/out/vs/workbench/api/node/extensionHostProcess.js:106:7856)
	at m.terminate (/extbin/local/openvscode-server/out/vs/workbench/api/node/extensionHostProcess.js:108:9275)
	at h.terminate (/extbin/local/openvscode-server/out/vs/workbench/api/node/extensionHostProcess.js:112:1397)
	at p (/extbin/local/openvscode-server/out/vs/workbench/api/node/extensionHostProcess.js:122:17851)
	at /extbin/local/openvscode-server/out/vs/workbench/api/node/extensionHostProcess.js:122:15761
	at m.invoke (/extbin/local/openvscode-server/out/vs/workbench/api/node/extensionHostProcess.js:63:145)
	at g.deliver (/extbin/local/openvscode-server/out/vs/workbench/api/node/extensionHostProcess.js:63:2029)
	at d.fire (/extbin/local/openvscode-server/out/vs/workbench/api/node/extensionHostProcess.js:63:1667)
	at p.fire (/extbin/local/openvscode-server/out/vs/workbench/api/node/extensionHostProcess.js:72:14861)
	at t.E (/extbin/local/openvscode-server/out/vs/workbench/api/node/extensionHostProcess.js:72:18927)
	at /extbin/local/openvscode-server/out/vs/workbench/api/node/extensionHostProcess.js:72:16915
	at m.invoke (/extbin/local/openvscode-server/out/vs/workbench/api/node/extensionHostProcess.js:63:145)
	at g.deliver (/extbin/local/openvscode-server/out/vs/workbench/api/node/extensionHostProcess.js:63:2029)
	at d.fire (/extbin/local/openvscode-server/out/vs/workbench/api/node/extensionHostProcess.js:63:1667)
	at h.acceptChunk (/extbin/local/openvscode-server/out/vs/workbench/api/node/extensionHostProcess.js:72:12592)
	at /extbin/local/openvscode-server/out/vs/workbench/api/node/extensionHostProcess.js:72:11879
	at m.invoke (/extbin/local/openvscode-server/out/vs/workbench/api/node/extensionHostProcess.js:63:145)
	at g.deliver (/extbin/local/openvscode-server/out/vs/workbench/api/node/extensionHostProcess.js:63:2029)
	at d.fire (/extbin/local/openvscode-server/out/vs/workbench/api/node/extensionHostProcess.js:63:1667)
	at d.t (/extbin/local/openvscode-server/out/vs/workbench/api/node/extensionHostProcess.js:72:28518) setContext undefined
2023-03-29 07:02:54.564 [error] Canceled: Canceled
	at Object.k [as canceled] (/extbin/local/openvscode-server/out/vs/workbench/api/node/extensionHostProcess.js:7:1192)
	at /extbin/local/openvscode-server/out/vs/workbench/api/node/extensionHostProcess.js:106:7891
	at Array.forEach (<anonymous>)
	at s.dispose (/extbin/local/openvscode-server/out/vs/workbench/api/node/extensionHostProcess.js:106:7856)
	at m.terminate (/extbin/local/openvscode-server/out/vs/workbench/api/node/extensionHostProcess.js:108:9275)
	at h.terminate (/extbin/local/openvscode-server/out/vs/workbench/api/node/extensionHostProcess.js:112:1397)
	at p (/extbin/local/openvscode-server/out/vs/workbench/api/node/extensionHostProcess.js:122:17851)
	at /extbin/local/openvscode-server/out/vs/workbench/api/node/extensionHostProcess.js:122:15761
	at m.invoke (/extbin/local/openvscode-server/out/vs/workbench/api/node/extensionHostProcess.js:63:145)
	at g.deliver (/extbin/local/openvscode-server/out/vs/workbench/api/node/extensionHostProcess.js:63:2029)
	at d.fire (/extbin/local/openvscode-server/out/vs/workbench/api/node/extensionHostProcess.js:63:1667)
	at p.fire (/extbin/local/openvscode-server/out/vs/workbench/api/node/extensionHostProcess.js:72:14861)
	at t.E (/extbin/local/openvscode-server/out/vs/workbench/api/node/extensionHostProcess.js:72:18927)
	at /extbin/local/openvscode-server/out/vs/workbench/api/node/extensionHostProcess.js:72:16915
	at m.invoke (/extbin/local/openvscode-server/out/vs/workbench/api/node/extensionHostProcess.js:63:145)
	at g.deliver (/extbin/local/openvscode-server/out/vs/workbench/api/node/extensionHostProcess.js:63:2029)
	at d.fire (/extbin/local/openvscode-server/out/vs/workbench/api/node/extensionHostProcess.js:63:1667)
	at h.acceptChunk (/extbin/local/openvscode-server/out/vs/workbench/api/node/extensionHostProcess.js:72:12592)
	at /extbin/local/openvscode-server/out/vs/workbench/api/node/extensionHostProcess.js:72:11879
	at m.invoke (/extbin/local/openvscode-server/out/vs/workbench/api/node/extensionHostProcess.js:63:145)
	at g.deliver (/extbin/local/openvscode-server/out/vs/workbench/api/node/extensionHostProcess.js:63:2029)
	at d.fire (/extbin/local/openvscode-server/out/vs/workbench/api/node/extensionHostProcess.js:63:1667)
	at d.t (/extbin/local/openvscode-server/out/vs/workbench/api/node/extensionHostProcess.js:72:28518) setContext undefined
2023-03-29 07:02:54.564 [error] Canceled: Canceled
	at Object.k [as canceled] (/extbin/local/openvscode-server/out/vs/workbench/api/node/extensionHostProcess.js:7:1192)
	at /extbin/local/openvscode-server/out/vs/workbench/api/node/extensionHostProcess.js:106:7891
	at Array.forEach (<anonymous>)
	at s.dispose (/extbin/local/openvscode-server/out/vs/workbench/api/node/extensionHostProcess.js:106:7856)
	at m.terminate (/extbin/local/openvscode-server/out/vs/workbench/api/node/extensionHostProcess.js:108:9275)
	at h.terminate (/extbin/local/openvscode-server/out/vs/workbench/api/node/extensionHostProcess.js:112:1397)
	at p (/extbin/local/openvscode-server/out/vs/workbench/api/node/extensionHostProcess.js:122:17851)
	at /extbin/local/openvscode-server/out/vs/workbench/api/node/extensionHostProcess.js:122:15761
	at m.invoke (/extbin/local/openvscode-server/out/vs/workbench/api/node/extensionHostProcess.js:63:145)
	at g.deliver (/extbin/local/openvscode-server/out/vs/workbench/api/node/extensionHostProcess.js:63:2029)
	at d.fire (/extbin/local/openvscode-server/out/vs/workbench/api/node/extensionHostProcess.js:63:1667)
	at p.fire (/extbin/local/openvscode-server/out/vs/workbench/api/node/extensionHostProcess.js:72:14861)
	at t.E (/extbin/local/openvscode-server/out/vs/workbench/api/node/extensionHostProcess.js:72:18927)
	at /extbin/local/openvscode-server/out/vs/workbench/api/node/extensionHostProcess.js:72:16915
	at m.invoke (/extbin/local/openvscode-server/out/vs/workbench/api/node/extensionHostProcess.js:63:145)
	at g.deliver (/extbin/local/openvscode-server/out/vs/workbench/api/node/extensionHostProcess.js:63:2029)
	at d.fire (/extbin/local/openvscode-server/out/vs/workbench/api/node/extensionHostProcess.js:63:1667)
	at h.acceptChunk (/extbin/local/openvscode-server/out/vs/workbench/api/node/extensionHostProcess.js:72:12592)
	at /extbin/local/openvscode-server/out/vs/workbench/api/node/extensionHostProcess.js:72:11879
	at m.invoke (/extbin/local/openvscode-server/out/vs/workbench/api/node/extensionHostProcess.js:63:145)
	at g.deliver (/extbin/local/openvscode-server/out/vs/workbench/api/node/extensionHostProcess.js:63:2029)
	at d.fire (/extbin/local/openvscode-server/out/vs/workbench/api/node/extensionHostProcess.js:63:1667)
	at d.t (/extbin/local/openvscode-server/out/vs/workbench/api/node/extensionHostProcess.js:72:28518) setContext undefined
2023-03-29 07:02:54.565 [error] Canceled: Canceled
	at Object.k [as canceled] (/extbin/local/openvscode-server/out/vs/workbench/api/node/extensionHostProcess.js:7:1192)
	at /extbin/local/openvscode-server/out/vs/workbench/api/node/extensionHostProcess.js:106:7891
	at Array.forEach (<anonymous>)
	at s.dispose (/extbin/local/openvscode-server/out/vs/workbench/api/node/extensionHostProcess.js:106:7856)
	at m.terminate (/extbin/local/openvscode-server/out/vs/workbench/api/node/extensionHostProcess.js:108:9275)
	at h.terminate (/extbin/local/openvscode-server/out/vs/workbench/api/node/extensionHostProcess.js:112:1397)
	at p (/extbin/local/openvscode-server/out/vs/workbench/api/node/extensionHostProcess.js:122:17851)
	at /extbin/local/openvscode-server/out/vs/workbench/api/node/extensionHostProcess.js:122:15761
	at m.invoke (/extbin/local/openvscode-server/out/vs/workbench/api/node/extensionHostProcess.js:63:145)
	at g.deliver (/extbin/local/openvscode-server/out/vs/workbench/api/node/extensionHostProcess.js:63:2029)
	at d.fire (/extbin/local/openvscode-server/out/vs/workbench/api/node/extensionHostProcess.js:63:1667)
	at p.fire (/extbin/local/openvscode-server/out/vs/workbench/api/node/extensionHostProcess.js:72:14861)
	at t.E (/extbin/local/openvscode-server/out/vs/workbench/api/node/extensionHostProcess.js:72:18927)
	at /extbin/local/openvscode-server/out/vs/workbench/api/node/extensionHostProcess.js:72:16915
	at m.invoke (/extbin/local/openvscode-server/out/vs/workbench/api/node/extensionHostProcess.js:63:145)
	at g.deliver (/extbin/local/openvscode-server/out/vs/workbench/api/node/extensionHostProcess.js:63:2029)
	at d.fire (/extbin/local/openvscode-server/out/vs/workbench/api/node/extensionHostProcess.js:63:1667)
	at h.acceptChunk (/extbin/local/openvscode-server/out/vs/workbench/api/node/extensionHostProcess.js:72:12592)
	at /extbin/local/openvscode-server/out/vs/workbench/api/node/extensionHostProcess.js:72:11879
	at m.invoke (/extbin/local/openvscode-server/out/vs/workbench/api/node/extensionHostProcess.js:63:145)
	at g.deliver (/extbin/local/openvscode-server/out/vs/workbench/api/node/extensionHostProcess.js:63:2029)
	at d.fire (/extbin/local/openvscode-server/out/vs/workbench/api/node/extensionHostProcess.js:63:1667)
	at d.t (/extbin/local/openvscode-server/out/vs/workbench/api/node/extensionHostProcess.js:72:28518) setContext undefined
2023-03-29 07:02:54.565 [error] Canceled: Canceled
	at Object.k [as canceled] (/extbin/local/openvscode-server/out/vs/workbench/api/node/extensionHostProcess.js:7:1192)
	at /extbin/local/openvscode-server/out/vs/workbench/api/node/extensionHostProcess.js:106:7891
	at Array.forEach (<anonymous>)
	at s.dispose (/extbin/local/openvscode-server/out/vs/workbench/api/node/extensionHostProcess.js:106:7856)
	at m.terminate (/extbin/local/openvscode-server/out/vs/workbench/api/node/extensionHostProcess.js:108:9275)
	at h.terminate (/extbin/local/openvscode-server/out/vs/workbench/api/node/extensionHostProcess.js:112:1397)
	at p (/extbin/local/openvscode-server/out/vs/workbench/api/node/extensionHostProcess.js:122:17851)
	at /extbin/local/openvscode-server/out/vs/workbench/api/node/extensionHostProcess.js:122:15761
	at m.invoke (/extbin/local/openvscode-server/out/vs/workbench/api/node/extensionHostProcess.js:63:145)
	at g.deliver (/extbin/local/openvscode-server/out/vs/workbench/api/node/extensionHostProcess.js:63:2029)
	at d.fire (/extbin/local/openvscode-server/out/vs/workbench/api/node/extensionHostProcess.js:63:1667)
	at p.fire (/extbin/local/openvscode-server/out/vs/workbench/api/node/extensionHostProcess.js:72:14861)
	at t.E (/extbin/local/openvscode-server/out/vs/workbench/api/node/extensionHostProcess.js:72:18927)
	at /extbin/local/openvscode-server/out/vs/workbench/api/node/extensionHostProcess.js:72:16915
	at m.invoke (/extbin/local/openvscode-server/out/vs/workbench/api/node/extensionHostProcess.js:63:145)
	at g.deliver (/extbin/local/openvscode-server/out/vs/workbench/api/node/extensionHostProcess.js:63:2029)
	at d.fire (/extbin/local/openvscode-server/out/vs/workbench/api/node/extensionHostProcess.js:63:1667)
	at h.acceptChunk (/extbin/local/openvscode-server/out/vs/workbench/api/node/extensionHostProcess.js:72:12592)
	at /extbin/local/openvscode-server/out/vs/workbench/api/node/extensionHostProcess.js:72:11879
	at m.invoke (/extbin/local/openvscode-server/out/vs/workbench/api/node/extensionHostProcess.js:63:145)
	at g.deliver (/extbin/local/openvscode-server/out/vs/workbench/api/node/extensionHostProcess.js:63:2029)
	at d.fire (/extbin/local/openvscode-server/out/vs/workbench/api/node/extensionHostProcess.js:63:1667)
	at d.t (/extbin/local/openvscode-server/out/vs/workbench/api/node/extensionHostProcess.js:72:28518) setContext undefined
2023-03-29 07:02:54.565 [error] Canceled: Canceled
	at Object.k [as canceled] (/extbin/local/openvscode-server/out/vs/workbench/api/node/extensionHostProcess.js:7:1192)
	at /extbin/local/openvscode-server/out/vs/workbench/api/node/extensionHostProcess.js:106:7891
	at Array.forEach (<anonymous>)
	at s.dispose (/extbin/local/openvscode-server/out/vs/workbench/api/node/extensionHostProcess.js:106:7856)
	at m.terminate (/extbin/local/openvscode-server/out/vs/workbench/api/node/extensionHostProcess.js:108:9275)
	at h.terminate (/extbin/local/openvscode-server/out/vs/workbench/api/node/extensionHostProcess.js:112:1397)
	at p (/extbin/local/openvscode-server/out/vs/workbench/api/node/extensionHostProcess.js:122:17851)
	at /extbin/local/openvscode-server/out/vs/workbench/api/node/extensionHostProcess.js:122:15761
	at m.invoke (/extbin/local/openvscode-server/out/vs/workbench/api/node/extensionHostProcess.js:63:145)
	at g.deliver (/extbin/local/openvscode-server/out/vs/workbench/api/node/extensionHostProcess.js:63:2029)
	at d.fire (/extbin/local/openvscode-server/out/vs/workbench/api/node/extensionHostProcess.js:63:1667)
	at p.fire (/extbin/local/openvscode-server/out/vs/workbench/api/node/extensionHostProcess.js:72:14861)
	at t.E (/extbin/local/openvscode-server/out/vs/workbench/api/node/extensionHostProcess.js:72:18927)
	at /extbin/local/openvscode-server/out/vs/workbench/api/node/extensionHostProcess.js:72:16915
	at m.invoke (/extbin/local/openvscode-server/out/vs/workbench/api/node/extensionHostProcess.js:63:145)
	at g.deliver (/extbin/local/openvscode-server/out/vs/workbench/api/node/extensionHostProcess.js:63:2029)
	at d.fire (/extbin/local/openvscode-server/out/vs/workbench/api/node/extensionHostProcess.js:63:1667)
	at h.acceptChunk (/extbin/local/openvscode-server/out/vs/workbench/api/node/extensionHostProcess.js:72:12592)
	at /extbin/local/openvscode-server/out/vs/workbench/api/node/extensionHostProcess.js:72:11879
	at m.invoke (/extbin/local/openvscode-server/out/vs/workbench/api/node/extensionHostProcess.js:63:145)
	at g.deliver (/extbin/local/openvscode-server/out/vs/workbench/api/node/extensionHostProcess.js:63:2029)
	at d.fire (/extbin/local/openvscode-server/out/vs/workbench/api/node/extensionHostProcess.js:63:1667)
	at d.t (/extbin/local/openvscode-server/out/vs/workbench/api/node/extensionHostProcess.js:72:28518) setContext undefined
2023-03-29 07:02:54.566 [error] Canceled: Canceled
	at Object.k [as canceled] (/extbin/local/openvscode-server/out/vs/workbench/api/node/extensionHostProcess.js:7:1192)
	at /extbin/local/openvscode-server/out/vs/workbench/api/node/extensionHostProcess.js:106:7891
	at Array.forEach (<anonymous>)
	at s.dispose (/extbin/local/openvscode-server/out/vs/workbench/api/node/extensionHostProcess.js:106:7856)
	at m.terminate (/extbin/local/openvscode-server/out/vs/workbench/api/node/extensionHostProcess.js:108:9275)
	at h.terminate (/extbin/local/openvscode-server/out/vs/workbench/api/node/extensionHostProcess.js:112:1397)
	at p (/extbin/local/openvscode-server/out/vs/workbench/api/node/extensionHostProcess.js:122:17851)
	at /extbin/local/openvscode-server/out/vs/workbench/api/node/extensionHostProcess.js:122:15761
	at m.invoke (/extbin/local/openvscode-server/out/vs/workbench/api/node/extensionHostProcess.js:63:145)
	at g.deliver (/extbin/local/openvscode-server/out/vs/workbench/api/node/extensionHostProcess.js:63:2029)
	at d.fire (/extbin/local/openvscode-server/out/vs/workbench/api/node/extensionHostProcess.js:63:1667)
	at p.fire (/extbin/local/openvscode-server/out/vs/workbench/api/node/extensionHostProcess.js:72:14861)
	at t.E (/extbin/local/openvscode-server/out/vs/workbench/api/node/extensionHostProcess.js:72:18927)
	at /extbin/local/openvscode-server/out/vs/workbench/api/node/extensionHostProcess.js:72:16915
	at m.invoke (/extbin/local/openvscode-server/out/vs/workbench/api/node/extensionHostProcess.js:63:145)
	at g.deliver (/extbin/local/openvscode-server/out/vs/workbench/api/node/extensionHostProcess.js:63:2029)
	at d.fire (/extbin/local/openvscode-server/out/vs/workbench/api/node/extensionHostProcess.js:63:1667)
	at h.acceptChunk (/extbin/local/openvscode-server/out/vs/workbench/api/node/extensionHostProcess.js:72:12592)
	at /extbin/local/openvscode-server/out/vs/workbench/api/node/extensionHostProcess.js:72:11879
	at m.invoke (/extbin/local/openvscode-server/out/vs/workbench/api/node/extensionHostProcess.js:63:145)
	at g.deliver (/extbin/local/openvscode-server/out/vs/workbench/api/node/extensionHostProcess.js:63:2029)
	at d.fire (/extbin/local/openvscode-server/out/vs/workbench/api/node/extensionHostProcess.js:63:1667)
	at d.t (/extbin/local/openvscode-server/out/vs/workbench/api/node/extensionHostProcess.js:72:28518) setContext undefined
