17:11:07 [INFO] - Running activation sequence for Fiori tools - Application Modeler
17:11:07 [INFO] - Configurations: 'sap.ux.applicationModeler.showJsonSchemas': false; isTheia(): false; isAppStudio(): true
17:11:07 [INFO] - Register Fiori tools file system for configurations...
17:11:07 [INFO] - ...Fiori tools file system registered in 1.106ms
17:11:07 [INFO] - Register views for configurations...
17:11:07 [INFO] - ...views for configurations registered in 1.253ms
17:11:07 [INFO] - Register commands...
17:11:07 [INFO] - ...commands registered in 7.890ms
17:11:07 [INFO] - Activating sync module...
17:11:07 [INFO] - Virtual file system ftfs initialized in 0.177ms
17:11:07 [INFO] - Searching for projects in these workspace folders: 
[ '/home/user' ]
17:11:09 [INFO] - SAP UX projects found and added in 1498.879ms
17:11:09 [INFO] - Start watching **/package.json
17:11:09 [INFO] - package.json watched in 1.014ms
17:11:09 [INFO] - Start watching for workspace folder changes
17:11:09 [INFO] - Workspace folders watched in 0.563ms
17:11:09 [INFO] - Configs watched in 0.143ms
17:11:09 [INFO] - ...sync module activated in 1504.117ms
17:11:09 [INFO] - Activating launch config integration
17:11:09 [INFO] - Handler for Fiori launch configuration registered
17:11:09 [INFO] - ...launch config integration activated in 1.204ms
17:11:09 [INFO] - Activating migration module...
17:11:09 [INFO] - SAP Fiori tools - Application Modeler
'Migration start watching for workspace folder changes'
17:11:09 [INFO] - Workspace folders watched in 0.646ms
17:11:09 [INFO] - SAP Fiori tools - Application Modeler
'Migration start watching **/package.json'
17:11:09 [INFO] - package.json watched in 0.617ms
17:11:09 [INFO] - SAP Fiori tools - Application Modeler
'Migration start watching **/pom.xml'
17:11:09 [INFO] - pom.xml watched in 0.876ms
17:11:09 [INFO] - SAP Fiori tools - Application Modeler
'Migration start watching **/neo-app.json'
17:11:09 [INFO] - neo-app.json watched in 0.474ms
17:11:09 [INFO] - SAP Fiori tools - Application Modeler
'Migration start watching **/manifest.json'
17:11:09 [INFO] - manifest.json watched in 0.481ms
17:11:11 [INFO] - ...migration module activated in 2480.044ms
17:11:11 [INFO] - activation sequence for Fiori tools - Application Modeler done in 4428.722ms
